<?xml version="1.0" encoding="UTF-8"?>
<testsuite xmlns:xsi="http://www.w3.org/2001/XMLSchema-instance" xsi:noNamespaceSchemaLocation="https://maven.apache.org/surefire/maven-surefire-plugin/xsd/surefire-test-report.xsd" version="3.0.1" name="com.mycompany.app.TP3.AppTest" time="0.025" tests="11" errors="0" skipped="0" failures="0">
  <properties>
[...]
</properties>
  <testcase name="testClosingBracketMissing" classname="com.mycompany.app.TP3.AppTest" time="0.01"/>
  <testcase name="testWeirdImbrication" classname="com.mycompany.app.TP3.AppTest" time="0.001"/>
  <testcase name="testIsBalancedImbricated" classname="com.mycompany.app.TP3.AppTest" time="0.001"/>
  <testcase name="testOpeningBracketMissingInImbrication" classname="com.mycompany.app.TP3.AppTest" time="0.001"/>
  <testcase name="testOpenBracketMissing" classname="com.mycompany.app.TP3.AppTest" time="0.0"/>
  <testcase name="testIsBalancedEmptyString" classname="com.mycompany.app.TP3.AppTest" time="0.0"/>
  <testcase name="testIsBalancedNoBracket" classname="com.mycompany.app.TP3.AppTest" time="0.001"/>
  <testcase name="testInvertedBracket" classname="com.mycompany.app.TP3.AppTest" time="0.001"/>
  <testcase name="testIsBalancedNormal" classname="com.mycompany.app.TP3.AppTest" time="0.0"/>
  <testcase name="testWeirdImbrication2" classname="com.mycompany.app.TP3.AppTest" time="0.001"/>
  <testcase name="testWeirdImbrication3" classname="com.mycompany.app.TP3.AppTest" time="0.0"/>
</testsuite>